0 info it worked if it ends with ok
1 verbose cli [ 'C:\\Program Files\\nodejs\\node.exe',
1 verbose cli   'C:\\Program Files\\nodejs\\node_modules\\npm\\bin\\npm-cli.js',
1 verbose cli   'start' ]
2 info using npm@3.10.10
3 info using node@v6.10.3
4 verbose run-script [ 'prestart', 'start', 'poststart' ]
5 info lifecycle studyapi@1.0.0~prestart: studyapi@1.0.0
6 silly lifecycle studyapi@1.0.0~prestart: no script for prestart, continuing
7 info lifecycle studyapi@1.0.0~start: studyapi@1.0.0
8 verbose lifecycle studyapi@1.0.0~start: unsafe-perm in lifecycle true
9 verbose lifecycle studyapi@1.0.0~start: PATH: C:\Program Files\nodejs\node_modules\npm\bin\node-gyp-bin;C:\Users\internet\studyApi\StudyAPI\node_modules\.bin;C:\Users\internet\bin;C:\Program Files\Git\mingw64\bin;C:\Program Files\Git\usr\local\bin;C:\Program Files\Git\usr\bin;C:\Program Files\Git\usr\bin;C:\Program Files\Git\mingw64\bin;C:\Program Files\Git\usr\bin;C:\Users\internet\bin;C:\Program Files (x86)\Common Files\Oracle\Java\javapath;C:\Program Files (x86)\Rockwell Software\RSCommon;C:\ProgramData\Oracle\Java\javapath;C:\Windows\system32;C:\Windows;C:\Windows\System32\Wbem;C:\Windows\System32\WindowsPowerShell\v1.0;C:\Program Files\Microsoft\Web Platform Installer;C:\Program Files (x86)\Microsoft ASP.NET\ASP.NET Web Pages\v1.0;C:\Program Files\Microsoft SQL Server\110\Tools\Binn;C:\Program Files\Java\jdk1.8.0_92\bin;C:\VXIPNP\WinNT\Bin;C:\Program Files (x86)\Microchip\MPLAB C32 Suite\bin;C:\Program Files (x86)\Brackets\command;C:\FPC\3.0.0\bin\i386-Win32;C:\Program Files\Microsoft SQL Server\130\Tools\Binn;C:\Program Files\nodejs;C:\apache-ant-1.10.1\bin;C:\Program Files\dotnet;C:\Program Files\Git\cmd;C:\HashiCorp\Vagrant\bin;C:\Program Files (x86)\QT Lite\QTSystem;C:\Program Files (x86)\Skype\Phone;C:\Program Files (x86)\Nmap;C:\Users\internet\AppData\Roaming\npm;C:\Program Files\Microsoft VS Code\bin;C:\Program Files\Git\usr\bin\vendor_perl;C:\Program Files\Git\usr\bin\core_perl
10 verbose lifecycle studyapi@1.0.0~start: CWD: C:\Users\internet\studyApi\StudyAPI
11 silly lifecycle studyapi@1.0.0~start: Args: [ '/d /s /c', 'node index.js' ]
12 silly lifecycle studyapi@1.0.0~start: Returned: code: 1  signal: null
13 info lifecycle studyapi@1.0.0~start: Failed to exec start script
14 verbose stack Error: studyapi@1.0.0 start: `node index.js`
14 verbose stack Exit status 1
14 verbose stack     at EventEmitter.<anonymous> (C:\Program Files\nodejs\node_modules\npm\lib\utils\lifecycle.js:255:16)
14 verbose stack     at emitTwo (events.js:106:13)
14 verbose stack     at EventEmitter.emit (events.js:191:7)
14 verbose stack     at ChildProcess.<anonymous> (C:\Program Files\nodejs\node_modules\npm\lib\utils\spawn.js:40:14)
14 verbose stack     at emitTwo (events.js:106:13)
14 verbose stack     at ChildProcess.emit (events.js:191:7)
14 verbose stack     at maybeClose (internal/child_process.js:886:16)
14 verbose stack     at Process.ChildProcess._handle.onexit (internal/child_process.js:226:5)
15 verbose pkgid studyapi@1.0.0
16 verbose cwd C:\Users\internet\studyApi\StudyAPI
17 error Windows_NT 10.0.10586
18 error argv "C:\\Program Files\\nodejs\\node.exe" "C:\\Program Files\\nodejs\\node_modules\\npm\\bin\\npm-cli.js" "start"
19 error node v6.10.3
20 error npm  v3.10.10
21 error code ELIFECYCLE
22 error studyapi@1.0.0 start: `node index.js`
22 error Exit status 1
23 error Failed at the studyapi@1.0.0 start script 'node index.js'.
23 error Make sure you have the latest version of node.js and npm installed.
23 error If you do, this is most likely a problem with the studyapi package,
23 error not with npm itself.
23 error Tell the author that this fails on your system:
23 error     node index.js
23 error You can get information on how to open an issue for this project with:
23 error     npm bugs studyapi
23 error Or if that isn't available, you can get their info via:
23 error     npm owner ls studyapi
23 error There is likely additional logging output above.
24 verbose exit [ 1, true ]
